<?xml version="1.0" encoding="UTF-8"?>
<!-- Generated by org.testng.reporters.JUnitReportReporter -->
<testsuite hostname="Jyothsna" failures="0" tests="1" name="TestCase.LoginTest" time="4.801" errors="0" timestamp="2025-03-21T17:19:17 IST" skipped="0">
  <testcase classname="TestCase.LoginTest" name="Login" time="4.801"/>
</testsuite> <!-- TestCase.LoginTest -->
