<?xml version="1.0" encoding="UTF-8"?>
<!-- Generated by org.testng.reporters.JUnitReportReporter -->
<testsuite hostname="Jyothsna" failures="0" tests="2" name="TestCase.CheckOutPageTest" time="9.249" errors="0" timestamp="2025-03-26T10:38:52 IST" skipped="0">
  <testcase classname="TestCase.CheckOutPageTest" name="Tc1" time="6.782"/>
  <testcase classname="TestCase.CheckOutPageTest" name="checkout" time="2.467"/>
</testsuite> <!-- TestCase.CheckOutPageTest -->
