<?xml version="1.0" encoding="UTF-8"?>
<!-- Generated by org.testng.reporters.JUnitReportReporter -->
<testsuite hostname="Jyothsna" failures="0" tests="2" name="TestCase.CheckOutPageTest" time="8.743" errors="0" timestamp="2025-03-25T13:19:18 IST" skipped="0">
  <testcase classname="TestCase.CheckOutPageTest" name="Tc1" time="6.983"/>
  <testcase classname="TestCase.CheckOutPageTest" name="checkout" time="1.760"/>
</testsuite> <!-- TestCase.CheckOutPageTest -->
