<?xml version="1.0" encoding="UTF-8"?>
<!-- Generated by org.testng.reporters.JUnitReportReporter -->
<testsuite hostname="Jyothsna" failures="0" tests="2" name="myRunner.TesterRunnerTestNG" time="0.145" errors="0" timestamp="2025-03-19T21:49:09 IST" skipped="0">
  <testcase classname="myRunner.TesterRunnerTestNG" name="runScenario" time="0.126"/>
  <testcase classname="myRunner.TesterRunnerTestNG" name="runScenario" time="0.019"/>
</testsuite> <!-- myRunner.TesterRunnerTestNG -->
