<?xml version="1.0" encoding="UTF-8"?>
<!-- Generated by org.testng.reporters.JUnitReportReporter -->
<testsuite hostname="Jyothsna" failures="0" tests="1" name="TestCase.LoginInvalid" time="5.846" errors="0" timestamp="2025-03-25T20:51:18 IST" skipped="0">
  <testcase classname="TestCase.LoginInvalid" name="LoginInvalid" time="5.846"/>
</testsuite> <!-- TestCase.LoginInvalid -->
