<?xml version="1.0" encoding="UTF-8"?>
<!-- Generated by org.testng.reporters.JUnitReportReporter -->
<testsuite hostname="Jyothsna" failures="0" tests="1" name="TestCase.SignUpTest" time="6.642" errors="0" timestamp="2025-03-24T16:39:46 IST" skipped="0">
  <testcase classname="TestCase.SignUpTest" name="SignUpPageMethod" time="6.642"/>
</testsuite> <!-- TestCase.SignUpTest -->
