<?xml version="1.0" encoding="UTF-8"?>
<!-- Generated by org.testng.reporters.JUnitReportReporter -->
<testsuite hostname="Jyothsna" failures="0" tests="1" name="TestCase.LoginTest" time="14.075" errors="0" timestamp="2025-03-24T16:39:46 IST" skipped="0">
  <testcase classname="TestCase.LoginTest" name="Login" time="14.075"/>
</testsuite> <!-- TestCase.LoginTest -->
