<?xml version="1.0" encoding="UTF-8"?>
<!-- Generated by org.testng.reporters.JUnitReportReporter -->
<testsuite hostname="Jyothsna" failures="0" tests="1" name="TestCase.SignUpTest" time="4.240" errors="0" timestamp="2025-03-25T17:13:28 IST" skipped="0">
  <testcase classname="TestCase.SignUpTest" name="SignUpPageMethod" time="4.240"/>
</testsuite> <!-- TestCase.SignUpTest -->
