<?xml version="1.0" encoding="UTF-8"?>
<!-- Generated by org.testng.reporters.JUnitReportReporter -->
<testsuite hostname="Jyothsna" failures="0" tests="1" name="TestCase.MultipleitemstoCart" time="16.450" errors="0" timestamp="2025-03-25T17:13:28 IST" skipped="0">
  <testcase classname="TestCase.MultipleitemstoCart" name="Cart" time="16.450"/>
</testsuite> <!-- TestCase.MultipleitemstoCart -->
