<?xml version="1.0" encoding="UTF-8"?>
<!-- Generated by org.testng.reporters.JUnitReportReporter -->
<testsuite hostname="Jyothsna" failures="0" tests="1" name="TestCase.CartPageTest" time="9.915" errors="0" timestamp="2025-03-25T15:42:14 IST" skipped="0">
  <testcase classname="TestCase.CartPageTest" name="Cart" time="9.915"/>
</testsuite> <!-- TestCase.CartPageTest -->
