<?xml version="1.0" encoding="UTF-8"?>
<!-- Generated by org.testng.reporters.JUnitReportReporter -->
<testsuite hostname="Jyothsna" failures="0" tests="1" name="TestCase.SignUpPFTest" time="3.818" errors="0" timestamp="2025-03-24T09:21:49 IST" skipped="0">
  <testcase classname="TestCase.SignUpPFTest" name="SignUpPageMethod" time="3.818"/>
</testsuite> <!-- TestCase.SignUpPFTest -->
