<?xml version="1.0" encoding="UTF-8"?>
<!-- Generated by org.testng.reporters.JUnitReportReporter -->
<testsuite hostname="Jyothsna" failures="0" tests="1" name="base.Sample" time="6.825" errors="0" timestamp="2025-03-19T21:20:43 IST" skipped="0">
  <testcase classname="base.Sample" name="googleDemo" time="6.825"/>
</testsuite> <!-- base.Sample -->
