<?xml version="1.0" encoding="UTF-8"?>
<!-- Generated by org.testng.reporters.JUnitReportReporter -->
<testsuite hostname="Jyothsna" failures="0" tests="1" name="TestCase.CartPageTest" time="9.333" errors="0" timestamp="2025-03-25T13:18:53 IST" skipped="0">
  <testcase classname="TestCase.CartPageTest" name="Cart" time="9.333"/>
</testsuite> <!-- TestCase.CartPageTest -->
