<?xml version="1.0" encoding="UTF-8"?>
<!-- Generated by org.testng.reporters.JUnitReportReporter -->
<testsuite hostname="Jyothsna" failures="0" tests="1" name="myRunner.SignUpTestNGRunner" time="4.993" errors="0" timestamp="2025-03-25T17:46:48 IST" skipped="0">
  <testcase classname="myRunner.SignUpTestNGRunner" name="runScenario" time="4.993"/>
</testsuite> <!-- myRunner.SignUpTestNGRunner -->
