<?xml version="1.0" encoding="UTF-8"?>
<!-- Generated by org.testng.reporters.JUnitReportReporter -->
<testsuite hostname="Jyothsna" failures="0" tests="1" name="TestCase.SignUpTest" time="3.829" errors="0" timestamp="2025-03-21T17:19:17 IST" skipped="0">
  <testcase classname="TestCase.SignUpTest" name="SignUpPageMethod" time="3.829"/>
</testsuite> <!-- TestCase.SignUpTest -->
