<?xml version="1.0" encoding="UTF-8"?>
<!-- Generated by org.testng.reporters.JUnitReportReporter -->
<testsuite hostname="Jyothsna" failures="0" tests="2" name="myRunner.SignUpTestNGRunner" time="12.197" errors="0" timestamp="2025-03-22T12:35:20 IST" skipped="0">
  <testcase classname="myRunner.SignUpTestNGRunner" name="runScenario" time="5.391"/>
  <testcase classname="myRunner.SignUpTestNGRunner" name="runScenario" time="6.806"/>
</testsuite> <!-- myRunner.SignUpTestNGRunner -->
